Arguments: 
  C:\Program Files (x86)\nodejs\node.exe C:\Users\Ohiosumua Daniel\AppData\Roaming\npm\node_modules\yarn\bin\yarn.js install

PATH: 
  C:\Program Files (x86)\Common Files\Oracle\Java\javapath;C:\WINDOWS\SYSTEM32;C:\Program Files\Java\jdk1.8.0_251\bin;C:\Program Files\Java\jre1.8.0_251\bin;C:\Program Files\mingw-w64\x86_64-8.1.0-win32-seh-rt_v6-rev0\mingw64\bin;C:\WINDOWS\system32\config\systemprofile\.dnx\bin;C:\Program Files\Microsoft DNX\Dnvm\;C:\Program Files\Microsoft SQL Server\120\Tools\Binn\;C:\Program Files\dotnet\;C:\ProgramData\chocolatey\bin;C:\Program Files\Android\Android Studio\jre\bin;C:\Program Files (x86)\dotnet\;C:\Program Files\Git\cmd;C:\Users\Ohiosumua Daniel\AppData\Local\Programs\Python\Python310\Scripts;C:\Users\Ohiosumua Daniel\AppData\Local\Programs\Python\Python310;C:\Program Files (x86)\nodejs\;C:\Users\Ohiosumua Daniel\AppData\Local\Programs\Python\Python36-32\Scripts;C:\Users\Ohiosumua Daniel\AppData\Local\Programs\Python\Python36-32;C:\Program Files\heroku\bin;;C:\WINDOWS\system32;C:\WINDOWS;C:\WINDOWS\System32\Wbem;C:\WINDOWS\System32\WindowsPowerShell\v1.0\;C:\WINDOWS\System32\OpenSSH\;C:\Users\Ohiosumua Daniel\AppData\Local\Programs\Python\Python310\Scripts\;C:\Users\Ohiosumua Daniel\AppData\Local\Programs\Python\Python310\;C:\WINDOWS\SYSTEM32;C:\Program Files\Java\jdk1.8.0_251\bin;C:\Program Files\Java\jre1.8.0_251\bin;C:\Program Files\mingw-w64\x86_64-8.1.0-win32-seh-rt_v6-rev0\mingw64\bin;C:\Program Files\Java\jdk-16.0.1_windows-x64_bin\bin;C:\Users\Ohiosumua Daniel\AppData\Local\Programs\Microsoft VS Code\bin;C:\Users\Ohiosumua Daniel\.dotnet\tools;C:\Program Files\Android\Android Studio\jre\bin;C:\Program Files\JetBrains\IntelliJ IDEA Community Edition 2021.1.3\bin;;C:\Users\Ohiosumua Daniel\AppData\Local\Programs\Python\Python310;C:\Users\Ohiosumua Daniel\AppData\Local\Programs\Python\Python310\Scripts;C:\Users\Ohiosumua Daniel\AppData\Roaming\npm;C:\Users\Ohiosumua Daniel\AppData\Local\Programs\Python\Python36-32;C:\Users\Ohiosumua Daniel\AppData\Local\Programs\Python\Python36-32\Scripts;C:\Program Files\heroku\bin;C:\Users\Ohiosumua Daniel\AppData\Local\Microsoft\WindowsApps;

Yarn version: 
  1.22.19

Node version: 
  17.1.0

Platform: 
  win32 x64

Trace: 
  Error: https://registry.yarnpkg.com/@expo/cli/-/cli-0.1.5.tgz: ESOCKETTIMEDOUT
      at ClientRequest.<anonymous> (C:\Users\Ohiosumua Daniel\AppData\Roaming\npm\node_modules\yarn\lib\cli.js:141517:19)
      at Object.onceWrapper (node:events:509:28)
      at ClientRequest.emit (node:events:390:28)
      at TLSSocket.emitRequestTimeout (node:_http_client:763:9)
      at Object.onceWrapper (node:events:509:28)
      at TLSSocket.emit (node:events:402:35)
      at TLSSocket.Socket._onTimeout (node:net:501:8)
      at listOnTimeout (node:internal/timers:557:17)
      at processTimers (node:internal/timers:500:7)

npm manifest: 
  {
    "name": "mealstogo",
    "version": "1.0.0",
    "main": "node_modules/expo/AppEntry.js",
    "scripts": {
      "start": "expo start",
      "android": "expo start --android",
      "ios": "expo start --ios",
      "web": "expo start --web",
      "eject": "expo eject"
    },
    "dependencies": {
      "expo": "~45.0.0",
      "expo-status-bar": "~1.3.0",
      "react": "17.0.2",
      "react-dom": "17.0.2",
      "react-native": "0.68.2",
      "react-native-web": "0.17.7"
    },
    "devDependencies": {
      "@babel/core": "^7.12.9"
    },
    "private": true
  }

yarn manifest: 
  No manifest

Lockfile: 
  No lockfile
